0 info it worked if it ends with ok
1 verbose cli [ 'C:\\Program Files\\nodejs\\node.exe',
1 verbose cli   'C:\\Program Files\\nodejs\\node_modules\\npm\\bin\\npm-cli.js',
1 verbose cli   'run',
1 verbose cli   'serve' ]
2 info using npm@3.10.10
3 info using node@v6.11.2
4 verbose run-script [ 'preserve', 'serve', 'postserve' ]
5 info lifecycle continuous_api@1.0.0~preserve: continuous_api@1.0.0
6 silly lifecycle continuous_api@1.0.0~preserve: no script for preserve, continuing
7 info lifecycle continuous_api@1.0.0~serve: continuous_api@1.0.0
8 verbose lifecycle continuous_api@1.0.0~serve: unsafe-perm in lifecycle true
9 verbose lifecycle continuous_api@1.0.0~serve: PATH: C:\Program Files\nodejs\node_modules\npm\bin\node-gyp-bin;C:\Users\o.a.hernandez\Desktop\carpool-app\node_modules\.bin;C:\ProgramData\Oracle\Java\javapath;C:\Windows\system32;C:\Windows;C:\Windows\System32\Wbem;C:\Windows\System32\WindowsPowerShell\v1.0\;C:\Program Files\nodejs\;C:\Program Files\PuTTY\;C:\HashiCorp\Vagrant\bin;C:\Program Files\OpenVPN\bin;C:\Program Files\Java\jdk1.8.0_144\bin;C:\Users\o.a.hernandez\AppData\Local\Microsoft\WindowsApps;C:\Users\o.a.hernandez\AppData\Roaming\npm;C:\Users\o.a.hernandez\AppData\Local\Programs\Git\cmd;C:\Users\o.a.hernandez\AppData\Local\atom\bin;C:\Program Files\Microsoft VS Code\bin;C:\Program Files\Docker Toolbox
10 verbose lifecycle continuous_api@1.0.0~serve: CWD: C:\Users\o.a.hernandez\Desktop\carpool-app
11 silly lifecycle continuous_api@1.0.0~serve: Args: [ '/d /s /c',
11 silly lifecycle   'browser-sync start --server "public" --files "public/**/**" --port 8080' ]
12 silly lifecycle continuous_api@1.0.0~serve: Returned: code: 3221225786  signal: null
13 info lifecycle continuous_api@1.0.0~serve: Failed to exec serve script
14 verbose stack Error: continuous_api@1.0.0 serve: `browser-sync start --server "public" --files "public/**/**" --port 8080`
14 verbose stack Exit status 3221225786
14 verbose stack     at EventEmitter.<anonymous> (C:\Program Files\nodejs\node_modules\npm\lib\utils\lifecycle.js:255:16)
14 verbose stack     at emitTwo (events.js:106:13)
14 verbose stack     at EventEmitter.emit (events.js:191:7)
14 verbose stack     at ChildProcess.<anonymous> (C:\Program Files\nodejs\node_modules\npm\lib\utils\spawn.js:40:14)
14 verbose stack     at emitTwo (events.js:106:13)
14 verbose stack     at ChildProcess.emit (events.js:191:7)
14 verbose stack     at maybeClose (internal/child_process.js:891:16)
14 verbose stack     at Process.ChildProcess._handle.onexit (internal/child_process.js:226:5)
15 verbose pkgid continuous_api@1.0.0
16 verbose cwd C:\Users\o.a.hernandez\Desktop\carpool-app\server
17 error Windows_NT 10.0.14393
18 error argv "C:\\Program Files\\nodejs\\node.exe" "C:\\Program Files\\nodejs\\node_modules\\npm\\bin\\npm-cli.js" "run" "serve"
19 error node v6.11.2
20 error npm  v3.10.10
21 error code ELIFECYCLE
22 error continuous_api@1.0.0 serve: `browser-sync start --server "public" --files "public/**/**" --port 8080`
22 error Exit status 3221225786
23 error Failed at the continuous_api@1.0.0 serve script 'browser-sync start --server "public" --files "public/**/**" --port 8080'.
23 error Make sure you have the latest version of node.js and npm installed.
23 error If you do, this is most likely a problem with the continuous_api package,
23 error not with npm itself.
23 error Tell the author that this fails on your system:
23 error     browser-sync start --server "public" --files "public/**/**" --port 8080
23 error You can get information on how to open an issue for this project with:
23 error     npm bugs continuous_api
23 error Or if that isn't available, you can get their info via:
23 error     npm owner ls continuous_api
23 error There is likely additional logging output above.
24 verbose exit [ 1, true ]
